1507315543996:exit
1507315693802:help
1507315698217:clear
1507316386801:exit
1507350097744:help
1507350111872:add 1 2
1507350118127:exit
1507350833101:intro
1507350836809:clear
1507350845890:help
1507350917588:new-exercise 0 "Squat" 5 5 315 "10/8/2017"
1507350964751:add-note 0 "Felt extremely easy"
1507350998697:spreadsheet
1507351019088:exit
1507351065433:help
1507351105896:new-exercise 0 "Squat" 5 5 315 "10/8/2017"
1507351119704:add-note 0 "felt easy af"
1507351122479:spreadsheet
1507351133824:new-exercise 0 "Squat" 5 5 315 "10/8/2017"
1507351145200:new-exercise 1 "Squat" 5 5 315 "10/8/2017"
1507351153872:add-note 1 "easy"
1507351156623:spreadsheet
1507351164917:clear
1507351239418:exit
1507351699803:help
1507351704569:clear
1507351706657:help
1507351779705:new-exercise 0 "exerciseName_1" 5 10 1000 "10/6/2017"
1507351791384:delete-exercise 0
1507351800424:new-exercise 0 "exerciseName_1" 5 10 1000 "10/6/2017"
1507351812928:add-note 0 "this is a note"
1507351833048:spreadsheet
1507351860478:exit
1507352991022:help
1507410992686:help help
1507411002678:add-note help
1507411005807:help add-note
1507411031811:new-exercise help
1507411040883:help new-exercise
1507411140624:help
1507411148180:help spreadsheet
1507411155380:spreadsheet
1507411205925:help new-exercise
1507411636943:new-exercise 0 "Bench Press" 4 12 185 "10/7/2017"
1507411661813:spreadsheet
1507411673629:clear-exercise
1507411681631:new-exercise 0 "Bench Press" 4 12 185 "10/7/2017"
1507411683678:spreadsheet
1507411701993:clear-exercise
1507411712368:delete-exercise 0
1507411716931:clear-exercise
1507411721789:spreadsheet
1507411725867:new-exercise 0 "Bench Press" 4 12 185 "10/7/2017"
1507411728444:spreadsheet
1507411734590:stacktrace
1507411752327:exit
1507411807946:new-exercise 0 "Bench Press" 4 12 185 "10/7/2017"
1507411811533:spreadsheet
1507411838978:exit
1507411915882:help new-exercise
1507411946306:new-exercise 0 "exercise 1" 5 5 100 "10/7/2017"
1507411950212:spreadsheet
1507411963106:exit
1507411971710:spreadsheet
1507412035276:exit
1507412099438:spreadsheet
1507412106165:new-exercise 0 "exercise 1" 5 5 100 "10/7/2017"
1507412109445:spreadsheet
1507412118765:clear-exercise
1507412125917:new-exercise 0 "exercise 1" 5 5 100 "10/7/2017"
1507412127654:spreadsheet
1507412214442:help
1507412218961:stacktrace
1507412225670:script
1507412236613:stacktrace
1507412240853:clear
1507412241709:help
1507412259642:spreadsheet
1507412274493:new-exercise 0 "exercise 1" 5 5 100 "10/7/2017"
1507412283893:add-note 0 "note"
1507412286157:spreadsheet
1507412414366:exit
1507412437366:help
1507412445230:help new-exercise
1507412450174:new-exercise 0 "exercise 1" 5 5 100 "10/7/2017"
1507412457728:new-exercise 0 "exercise 1" 5 5 100 "10/7/2017" "note"
1507412462606:spreadsheet
1507412470040:delete-exercise 0
1507412472678:spreadsheet
1507412479302:clear-exercise
1507412483545:new-exercise 0 "exercise 1" 5 5 100 "10/7/2017" "note"
1507412486497:spreadsheet
1507412490967:clear-exercise
1507412493952:spreadsheet
1507412496486:exit
1507412847234:new-exercise 0 "exercise 1" 5 5 100 "10/7/2017" "note"
1507412974877:help new-exercise
1507413006045:new-exercise 0 "exercise" 4 12 100 "10/7/17" "note"
1507413008741:spreadsheet
